0 info it worked if it ends with ok
1 verbose cli [ '/usr/bin/node', '/usr/bin/npm', 'run', 'sass-compile' ]
2 info using npm@3.5.2
3 info using node@v8.10.0
4 verbose run-script [ 'presass-compile', 'sass-compile', 'postsass-compile' ]
5 info lifecycle mystore@~presass-compile: mystore@
6 silly lifecycle mystore@~presass-compile: no script for presass-compile, continuing
7 info lifecycle mystore@~sass-compile: mystore@
8 verbose lifecycle mystore@~sass-compile: unsafe-perm in lifecycle true
9 verbose lifecycle mystore@~sass-compile: PATH: /usr/share/npm/bin/node-gyp-bin:/home/natalya/OmskUnderground/web/themes/mystore/node_modules/.bin:/usr/local/sbin:/usr/local/bin:/usr/sbin:/usr/bin:/sbin:/bin:/usr/games:/usr/local/games:/snap/bin
10 verbose lifecycle mystore@~sass-compile: CWD: /home/natalya/OmskUnderground/web/themes/mystore
11 silly lifecycle mystore@~sass-compile: Args: [ '-c', 'node-sass --output-style expanded scss -o css' ]
12 silly lifecycle mystore@~sass-compile: Returned: code: 1  signal: null
13 info lifecycle mystore@~sass-compile: Failed to exec sass-compile script
14 verbose stack Error: mystore@ sass-compile: `node-sass --output-style expanded scss -o css`
14 verbose stack Exit status 1
14 verbose stack     at EventEmitter.<anonymous> (/usr/share/npm/lib/utils/lifecycle.js:232:16)
14 verbose stack     at emitTwo (events.js:126:13)
14 verbose stack     at EventEmitter.emit (events.js:214:7)
14 verbose stack     at ChildProcess.<anonymous> (/usr/share/npm/lib/utils/spawn.js:24:14)
14 verbose stack     at emitTwo (events.js:126:13)
14 verbose stack     at ChildProcess.emit (events.js:214:7)
14 verbose stack     at maybeClose (internal/child_process.js:925:16)
14 verbose stack     at Process.ChildProcess._handle.onexit (internal/child_process.js:209:5)
15 verbose pkgid mystore@
16 verbose cwd /home/natalya/OmskUnderground/web/themes/mystore
17 error Linux 5.4.0-87-generic
18 error argv "/usr/bin/node" "/usr/bin/npm" "run" "sass-compile"
19 error node v8.10.0
20 error npm  v3.5.2
21 error code ELIFECYCLE
22 error mystore@ sass-compile: `node-sass --output-style expanded scss -o css`
22 error Exit status 1
23 error Failed at the mystore@ sass-compile script 'node-sass --output-style expanded scss -o css'.
23 error Make sure you have the latest version of node.js and npm installed.
23 error If you do, this is most likely a problem with the mystore package,
23 error not with npm itself.
23 error Tell the author that this fails on your system:
23 error     node-sass --output-style expanded scss -o css
23 error You can get information on how to open an issue for this project with:
23 error     npm bugs mystore
23 error Or if that isn't available, you can get their info via:
23 error     npm owner ls mystore
23 error There is likely additional logging output above.
24 verbose exit [ 1, true ]
